# JRE version: OpenJDK Runtime Environment (17.0.6) (build 17.0.6+0-b2043.56-9586694)
# Java VM: OpenJDK 64-Bit Server VM (17.0.6+0-b2043.56-9586694, mixed mode, tiered, compressed oops, compressed class ptrs, g1 gc, windows-amd64)
GC Precious Log:
 CPUs: 4 total, 4 available
 Memory: 8104M
 Large Page Support: Disabled
 NUMA Support: Disabled
 Compressed Oops: Enabled (32-bit)
 Heap Region Size: 1M
 Heap Min Capacity: 8M
 Heap Initial Capacity: 128M
 Heap Max Capacity: 2G
 Pre-touch: Disabled
 Parallel Workers: 4
 Concurrent Workers: 1
 Concurrent Refinement Workers: 4
 Periodic GC: Disabled
Heap:
 garbage-first heap   total 240640K, used 121461K [0x0000000080000000, 0x0000000100000000)
  region size 1024K, 5 young (5120K), 5 survivors (5120K)
 Metaspace       used 131084K, committed 132544K, reserved 1171456K
  class space    used 17551K, committed 18240K, reserved 1048576K
GC Heap History (20 events):
Event: 4794.974 GC heap after
{Heap after GC invocations=71 (full 1):
 garbage-first heap   total 240640K, used 102363K [0x0000000080000000, 0x0000000100000000)
  region size 1024K, 2 young (2048K), 2 survivors (2048K)
 Metaspace       used 128384K, committed 129344K, reserved 1163264K
  class space    used 17196K, committed 17728K, reserved 1048576K
}
Event: 5127.471 GC heap before
{Heap before GC invocations=71 (full 1):
 garbage-first heap   total 240640K, used 188379K [0x0000000080000000, 0x0000000100000000)
  region size 1024K, 87 young (89088K), 2 survivors (2048K)
 Metaspace       used 128604K, committed 129600K, reserved 1163264K
  class space    used 17198K, committed 17728K, reserved 1048576K
}
Event: 5127.499 GC heap after
{Heap after GC invocations=72 (full 1):
 garbage-first heap   total 240640K, used 111184K [0x0000000080000000, 0x0000000100000000)
  region size 1024K, 10 young (10240K), 10 survivors (10240K)
 Metaspace       used 128604K, committed 129600K, reserved 1163264K
  class space    used 17198K, committed 17728K, reserved 1048576K
}
Event: 5483.623 GC heap before
{Heap before GC invocations=73 (full 1):
 garbage-first heap   total 240640K, used 190032K [0x0000000080000000, 0x0000000100000000)
  region size 1024K, 88 young (90112K), 10 survivors (10240K)
 Metaspace       used 129625K, committed 130688K, reserved 1163264K
  class space    used 17360K, committed 17920K, reserved 1048576K
}
Event: 5483.735 GC heap after
{Heap after GC invocations=74 (full 1):
 garbage-first heap   total 240640K, used 110179K [0x0000000080000000, 0x0000000100000000)
  region size 1024K, 6 young (6144K), 6 survivors (6144K)
 Metaspace       used 129625K, committed 130688K, reserved 1163264K
  class space    used 17360K, committed 17920K, reserved 1048576K
}
Event: 5483.848 GC heap before
{Heap before GC invocations=74 (full 1):
 garbage-first heap   total 240640K, used 115299K [0x0000000080000000, 0x0000000100000000)
  region size 1024K, 11 young (11264K), 6 survivors (6144K)
 Metaspace       used 129678K, committed 130752K, reserved 1163264K
  class space    used 17368K, committed 17920K, reserved 1048576K
}
Event: 5483.954 GC heap after
{Heap after GC invocations=75 (full 1):
 garbage-first heap   total 240640K, used 109981K [0x0000000080000000, 0x0000000100000000)
  region size 1024K, 2 young (2048K), 2 survivors (2048K)
 Metaspace       used 129678K, committed 130752K, reserved 1163264K
  class space    used 17368K, committed 17920K, reserved 1048576K
}
Event: 5552.009 GC heap before
{Heap before GC invocations=75 (full 1):
 garbage-first heap   total 240640K, used 190877K [0x0000000080000000, 0x0000000100000000)
  region size 1024K, 82 young (83968K), 2 survivors (2048K)
 Metaspace       used 130304K, committed 131584K, reserved 1163264K
  class space    used 17494K, committed 18112K, reserved 1048576K
}
Event: 5552.024 GC heap after
{Heap after GC invocations=76 (full 1):
 garbage-first heap   total 240640K, used 116179K [0x0000000080000000, 0x0000000100000000)
  region size 1024K, 8 young (8192K), 8 survivors (8192K)
 Metaspace       used 130304K, committed 131584K, reserved 1163264K
  class space    used 17494K, committed 18112K, reserved 1048576K
}
Event: 5581.179 GC heap before
{Heap before GC invocations=77 (full 1):
 garbage-first heap   total 240640K, used 190685K [0x0000000080000000, 0x0000000100000000)
  region size 1024K, 83 young (84992K), 8 survivors (8192K)
 Metaspace       used 130539K, committed 131840K, reserved 1163264K
  class space    used 17521K, committed 18176K, reserved 1048576K
}
Event: 5581.246 GC heap after
{Heap after GC invocations=78 (full 1):
 garbage-first heap   total 240640K, used 123855K [0x0000000080000000, 0x0000000100000000)
  region size 1024K, 9 young (9216K), 9 survivors (9216K)
 Metaspace       used 130539K, committed 131840K, reserved 1163264K
  class space    used 17521K, committed 18176K, reserved 1048576K
}
Event: 5581.297 GC heap before
{Heap before GC invocations=78 (full 1):
 garbage-first heap   total 240640K, used 125903K [0x0000000080000000, 0x0000000100000000)
  region size 1024K, 11 young (11264K), 9 survivors (9216K)
 Metaspace       used 130553K, committed 131904K, reserved 1163264K
  class space    used 17522K, committed 18176K, reserved 1048576K
}
Event: 5581.512 GC heap after
{Heap after GC invocations=79 (full 1):
 garbage-first heap   total 240640K, used 119717K [0x0000000080000000, 0x0000000100000000)
  region size 1024K, 2 young (2048K), 2 survivors (2048K)
 Metaspace       used 130553K, committed 131904K, reserved 1163264K
  class space    used 17522K, committed 18176K, reserved 1048576K
}
Event: 5582.939 GC heap before
{Heap before GC invocations=79 (full 1):
 garbage-first heap   total 240640K, used 191397K [0x0000000080000000, 0x0000000100000000)
  region size 1024K, 73 young (74752K), 2 survivors (2048K)
 Metaspace       used 130682K, committed 132032K, reserved 1163264K
  class space    used 17522K, committed 18176K, reserved 1048576K
}
Event: 5582.942 GC heap after
{Heap after GC invocations=80 (full 1):
 garbage-first heap   total 240640K, used 120063K [0x0000000080000000, 0x0000000100000000)
  region size 1024K, 2 young (2048K), 2 survivors (2048K)
 Metaspace       used 130682K, committed 132032K, reserved 1163264K
  class space    used 17522K, committed 18176K, reserved 1048576K
}
Event: 5634.437 GC heap before
{Heap before GC invocations=81 (full 1):
 garbage-first heap   total 240640K, used 222463K [0x0000000080000000, 0x0000000100000000)
  region size 1024K, 75 young (76800K), 2 survivors (2048K)
 Metaspace       used 130926K, committed 132352K, reserved 1163264K
  class space    used 17542K, committed 18240K, reserved 1048576K
}
Event: 5634.449 GC heap after
{Heap after GC invocations=82 (full 1):
 garbage-first heap   total 240640K, used 125144K [0x0000000080000000, 0x0000000100000000)
  region size 1024K, 8 young (8192K), 8 survivors (8192K)
 Metaspace       used 130926K, committed 132352K, reserved 1163264K
  class space    used 17542K, committed 18240K, reserved 1048576K
}
Event: 5634.484 GC heap before
{Heap before GC invocations=82 (full 1):
 garbage-first heap   total 240640K, used 128216K [0x0000000080000000, 0x0000000100000000)
  region size 1024K, 11 young (11264K), 8 survivors (8192K)
 Metaspace       used 130926K, committed 132352K, reserved 1163264K
  class space    used 17542K, committed 18240K, reserved 1048576K
}
Event: 5634.509 GC heap after
{Heap after GC invocations=83 (full 1):
 garbage-first heap   total 240640K, used 117478K [0x0000000080000000, 0x0000000100000000)
  region size 1024K, 1 young (1024K), 1 survivors (1024K)
 Metaspace       used 130926K, committed 132352K, reserved 1163264K
  class space    used 17542K, committed 18240K, reserved 1048576K
}
Event: 5643.770 GC heap before
{Heap before GC invocations=83 (full 1):
 garbage-first heap   total 240640K, used 184038K [0x0000000080000000, 0x0000000100000000)
  region size 1024K, 68 young (69632K), 1 survivors (1024K)
 Metaspace       used 131084K, committed 132544K, reserved 1171456K
  class space    used 17551K, committed 18240K, reserved 1048576K
}

