# JRE version: OpenJDK Runtime Environment (17.0.6) (build 17.0.6+0-b2043.56-9586694)
# Java VM: OpenJDK 64-Bit Server VM (17.0.6+0-b2043.56-9586694, mixed mode, tiered, compressed oops, compressed class ptrs, g1 gc, windows-amd64)
GC Precious Log:
 CPUs: 4 total, 4 available
 Memory: 8104M
 Large Page Support: Disabled
 NUMA Support: Disabled
 Compressed Oops: Enabled (32-bit)
 Heap Region Size: 1M
 Heap Min Capacity: 8M
 Heap Initial Capacity: 128M
 Heap Max Capacity: 2028M
 Pre-touch: Disabled
 Parallel Workers: 4
 Concurrent Workers: 1
 Concurrent Refinement Workers: 4
 Periodic GC: Disabled
Heap:
 garbage-first heap   total 315392K, used 228333K [0x0000000081400000, 0x0000000100000000)
  region size 1024K, 119 young (121856K), 10 survivors (10240K)
 Metaspace       used 88371K, committed 88768K, reserved 1130496K
  class space    used 9416K, committed 9600K, reserved 1048576K
GC Heap History (20 events):
Event: 5.948 GC heap before
{Heap before GC invocations=26 (full 0):
 garbage-first heap   total 94208K, used 56415K [0x0000000081400000, 0x0000000100000000)
  region size 1024K, 4 young (4096K), 3 survivors (3072K)
 Metaspace       used 56804K, committed 57088K, reserved 1105920K
  class space    used 6682K, committed 6848K, reserved 1048576K
}
Event: 5.958 GC heap after
{Heap after GC invocations=27 (full 0):
 garbage-first heap   total 115712K, used 55723K [0x0000000081400000, 0x0000000100000000)
  region size 1024K, 1 young (1024K), 1 survivors (1024K)
 Metaspace       used 56804K, committed 57088K, reserved 1105920K
  class space    used 6682K, committed 6848K, reserved 1048576K
}
Event: 6.670 GC heap before
{Heap before GC invocations=27 (full 0):
 garbage-first heap   total 115712K, used 87467K [0x0000000081400000, 0x0000000100000000)
  region size 1024K, 32 young (32768K), 1 survivors (1024K)
 Metaspace       used 57948K, committed 58304K, reserved 1105920K
  class space    used 6800K, committed 6976K, reserved 1048576K
}
Event: 6.677 GC heap after
{Heap after GC invocations=28 (full 0):
 garbage-first heap   total 115712K, used 59040K [0x0000000081400000, 0x0000000100000000)
  region size 1024K, 4 young (4096K), 4 survivors (4096K)
 Metaspace       used 57948K, committed 58304K, reserved 1105920K
  class space    used 6800K, committed 6976K, reserved 1048576K
}
Event: 7.132 GC heap before
{Heap before GC invocations=29 (full 0):
 garbage-first heap   total 115712K, used 88736K [0x0000000081400000, 0x0000000100000000)
  region size 1024K, 33 young (33792K), 4 survivors (4096K)
 Metaspace       used 57948K, committed 58304K, reserved 1105920K
  class space    used 6800K, committed 6976K, reserved 1048576K
}
Event: 7.139 GC heap after
{Heap after GC invocations=30 (full 0):
 garbage-first heap   total 115712K, used 61704K [0x0000000081400000, 0x0000000100000000)
  region size 1024K, 3 young (3072K), 3 survivors (3072K)
 Metaspace       used 57948K, committed 58304K, reserved 1105920K
  class space    used 6800K, committed 6976K, reserved 1048576K
}
Event: 7.167 GC heap before
{Heap before GC invocations=30 (full 0):
 garbage-first heap   total 115712K, used 63752K [0x0000000081400000, 0x0000000100000000)
  region size 1024K, 5 young (5120K), 3 survivors (3072K)
 Metaspace       used 57948K, committed 58304K, reserved 1105920K
  class space    used 6800K, committed 6976K, reserved 1048576K
}
Event: 7.179 GC heap after
{Heap after GC invocations=31 (full 0):
 garbage-first heap   total 115712K, used 61481K [0x0000000081400000, 0x0000000100000000)
  region size 1024K, 1 young (1024K), 1 survivors (1024K)
 Metaspace       used 57948K, committed 58304K, reserved 1105920K
  class space    used 6800K, committed 6976K, reserved 1048576K
}
Event: 7.386 GC heap before
{Heap before GC invocations=31 (full 0):
 garbage-first heap   total 115712K, used 91177K [0x0000000081400000, 0x0000000100000000)
  region size 1024K, 30 young (30720K), 1 survivors (1024K)
 Metaspace       used 57980K, committed 58304K, reserved 1105920K
  class space    used 6800K, committed 6976K, reserved 1048576K
}
Event: 7.390 GC heap after
{Heap after GC invocations=32 (full 0):
 garbage-first heap   total 115712K, used 64359K [0x0000000081400000, 0x0000000100000000)
  region size 1024K, 4 young (4096K), 4 survivors (4096K)
 Metaspace       used 57980K, committed 58304K, reserved 1105920K
  class space    used 6800K, committed 6976K, reserved 1048576K
}
Event: 7.477 GC heap before
{Heap before GC invocations=32 (full 0):
 garbage-first heap   total 155648K, used 92007K [0x0000000081400000, 0x0000000100000000)
  region size 1024K, 31 young (31744K), 4 survivors (4096K)
 Metaspace       used 57981K, committed 58304K, reserved 1105920K
  class space    used 6800K, committed 6976K, reserved 1048576K
}
Event: 7.485 GC heap after
{Heap after GC invocations=33 (full 0):
 garbage-first heap   total 315392K, used 67919K [0x0000000081400000, 0x0000000100000000)
  region size 1024K, 4 young (4096K), 4 survivors (4096K)
 Metaspace       used 57981K, committed 58304K, reserved 1105920K
  class space    used 6800K, committed 6976K, reserved 1048576K
}
Event: 11.054 GC heap before
{Heap before GC invocations=34 (full 0):
 garbage-first heap   total 315392K, used 230735K [0x0000000081400000, 0x0000000100000000)
  region size 1024K, 163 young (166912K), 4 survivors (4096K)
 Metaspace       used 61977K, committed 62336K, reserved 1105920K
  class space    used 7017K, committed 7168K, reserved 1048576K
}
Event: 11.075 GC heap after
{Heap after GC invocations=35 (full 0):
 garbage-first heap   total 315392K, used 83726K [0x0000000081400000, 0x0000000100000000)
  region size 1024K, 19 young (19456K), 19 survivors (19456K)
 Metaspace       used 61977K, committed 62336K, reserved 1105920K
  class space    used 7017K, committed 7168K, reserved 1048576K
}
Event: 11.079 GC heap before
{Heap before GC invocations=35 (full 0):
 garbage-first heap   total 315392K, used 84750K [0x0000000081400000, 0x0000000100000000)
  region size 1024K, 20 young (20480K), 19 survivors (19456K)
 Metaspace       used 61978K, committed 62336K, reserved 1105920K
  class space    used 7017K, committed 7168K, reserved 1048576K
}
Event: 11.089 GC heap after
{Heap after GC invocations=36 (full 0):
 garbage-first heap   total 315392K, used 85285K [0x0000000081400000, 0x0000000100000000)
  region size 1024K, 2 young (2048K), 2 survivors (2048K)
 Metaspace       used 61978K, committed 62336K, reserved 1105920K
  class space    used 7017K, committed 7168K, reserved 1048576K
}
Event: 14.111 GC heap before
{Heap before GC invocations=36 (full 0):
 garbage-first heap   total 315392K, used 228645K [0x0000000081400000, 0x0000000100000000)
  region size 1024K, 142 young (145408K), 2 survivors (2048K)
 Metaspace       used 71905K, committed 72256K, reserved 1114112K
  class space    used 7979K, committed 8128K, reserved 1048576K
}
Event: 14.131 GC heap after
{Heap after GC invocations=37 (full 0):
 garbage-first heap   total 315392K, used 107008K [0x0000000081400000, 0x0000000100000000)
  region size 1024K, 18 young (18432K), 18 survivors (18432K)
 Metaspace       used 71905K, committed 72256K, reserved 1114112K
  class space    used 7979K, committed 8128K, reserved 1048576K
}
Event: 16.819 GC heap before
{Heap before GC invocations=37 (full 0):
 garbage-first heap   total 315392K, used 232960K [0x0000000081400000, 0x0000000100000000)
  region size 1024K, 141 young (144384K), 18 survivors (18432K)
 Metaspace       used 86629K, committed 87040K, reserved 1130496K
  class space    used 9348K, committed 9536K, reserved 1048576K
}
Event: 16.842 GC heap after
{Heap after GC invocations=38 (full 0):
 garbage-first heap   total 315392K, used 117741K [0x0000000081400000, 0x0000000100000000)
  region size 1024K, 10 young (10240K), 10 survivors (10240K)
 Metaspace       used 86629K, committed 87040K, reserved 1130496K
  class space    used 9348K, committed 9536K, reserved 1048576K
}

